<?xml version="1.0" encoding="UTF-8"?>
<!-- Generated by org.testng.reporters.JUnitReportReporter -->
<testsuite skipped="0" hostname="DESKTOP-QG903OF" name="com.crm.qa.testCases.LoginPageTest" tests="3" failures="0" timestamp="30 Dec 2017 23:42:06 GMT" time="52.003" errors="0">
  <testcase name="LoginPageTitleTest" time="10.174" classname="com.crm.qa.testCases.LoginPageTest"/>
  <testcase name="crmLogoImageTest" time="17.546" classname="com.crm.qa.testCases.LoginPageTest"/>
  <testcase name="loginTest" time="24.283" classname="com.crm.qa.testCases.LoginPageTest"/>
</testsuite> <!-- com.crm.qa.testCases.LoginPageTest -->
