<?xml version="1.0" encoding="UTF-8"?>
<!-- Generated by org.testng.reporters.JUnitReportReporter -->
<testsuite skipped="0" hostname="DESKTOP-QG903OF" name="com.crm.qa.testCases.LoginPageTest" tests="1" failures="0" timestamp="12 Mar 2018 22:25:48 GMT" time="49.497" errors="0">
  <testcase name="crmLogoImageTest" time="49.497" classname="com.crm.qa.testCases.LoginPageTest"/>
</testsuite> <!-- com.crm.qa.testCases.LoginPageTest -->
